<?xml version="1.0" encoding="UTF-8"?>
<testsuite name="com.quichi.blog.QuichiComments.CommentControllerTest" tests="3" skipped="0" failures="0" errors="0" timestamp="2019-12-26T20:08:00" hostname="LAdsuasnavas" time="0.652">
  <properties/>
  <testcase name="shouldReturnOneCommentGivenById()" classname="com.quichi.blog.QuichiComments.CommentControllerTest" time="0.424"/>
  <testcase name="shouldReturn201WhenCommentCreated()" classname="com.quichi.blog.QuichiComments.CommentControllerTest" time="0.152"/>
  <testcase name="shouldReturnAllComments()" classname="com.quichi.blog.QuichiComments.CommentControllerTest" time="0.066"/>
  <system-out><![CDATA[15:07:56.202 [Test worker] DEBUG org.springframework.test.context.BootstrapUtils - Instantiating CacheAwareContextLoaderDelegate from class [org.springframework.test.context.cache.DefaultCacheAwareContextLoaderDelegate]
15:07:56.219 [Test worker] DEBUG org.springframework.test.context.BootstrapUtils - Instantiating BootstrapContext using constructor [public org.springframework.test.context.support.DefaultBootstrapContext(java.lang.Class,org.springframework.test.context.CacheAwareContextLoaderDelegate)]
15:07:56.252 [Test worker] DEBUG org.springframework.test.context.BootstrapUtils - Instantiating TestContextBootstrapper for test class [com.quichi.blog.QuichiComments.CommentControllerTest] from class [org.springframework.boot.test.autoconfigure.web.servlet.WebMvcTestContextBootstrapper]
15:07:56.269 [Test worker] INFO org.springframework.boot.test.autoconfigure.web.servlet.WebMvcTestContextBootstrapper - Neither @ContextConfiguration nor @ContextHierarchy found for test class [com.quichi.blog.QuichiComments.CommentControllerTest], using SpringBootContextLoader
15:07:56.276 [Test worker] DEBUG org.springframework.test.context.support.AbstractContextLoader - Did not detect default resource location for test class [com.quichi.blog.QuichiComments.CommentControllerTest]: class path resource [com/quichi/blog/QuichiComments/CommentControllerTest-context.xml] does not exist
15:07:56.277 [Test worker] DEBUG org.springframework.test.context.support.AbstractContextLoader - Did not detect default resource location for test class [com.quichi.blog.QuichiComments.CommentControllerTest]: class path resource [com/quichi/blog/QuichiComments/CommentControllerTestContext.groovy] does not exist
15:07:56.277 [Test worker] INFO org.springframework.test.context.support.AbstractContextLoader - Could not detect default resource locations for test class [com.quichi.blog.QuichiComments.CommentControllerTest]: no resource found for suffixes {-context.xml, Context.groovy}.
15:07:56.278 [Test worker] INFO org.springframework.test.context.support.AnnotationConfigContextLoaderUtils - Could not detect default configuration classes for test class [com.quichi.blog.QuichiComments.CommentControllerTest]: CommentControllerTest does not declare any static, non-private, non-final, nested classes annotated with @Configuration.
15:07:56.353 [Test worker] DEBUG org.springframework.test.context.support.ActiveProfilesUtils - Could not find an 'annotation declaring class' for annotation type [org.springframework.test.context.ActiveProfiles] and class [com.quichi.blog.QuichiComments.CommentControllerTest]
15:07:56.420 [Test worker] DEBUG org.springframework.context.annotation.ClassPathScanningCandidateComponentProvider - Identified candidate component class: file [/Users/dianasuasnavas/Documents/proyectos/workspace-infoarmor/Quichi-Comments/build/classes/java/main/com/quichi/blog/QuichiComments/QuichiCommentApplication.class]
15:07:56.421 [Test worker] INFO org.springframework.boot.test.context.SpringBootTestContextBootstrapper - Found @SpringBootConfiguration com.quichi.blog.QuichiComments.QuichiCommentApplication for test class com.quichi.blog.QuichiComments.CommentControllerTest
15:07:56.430 [Test worker] DEBUG org.springframework.boot.test.autoconfigure.web.servlet.WebMvcTestContextBootstrapper - @TestExecutionListeners is not present for class [com.quichi.blog.QuichiComments.CommentControllerTest]: using defaults.
15:07:56.431 [Test worker] INFO org.springframework.boot.test.autoconfigure.web.servlet.WebMvcTestContextBootstrapper - Loaded default TestExecutionListener class names from location [META-INF/spring.factories]: [org.springframework.boot.test.autoconfigure.restdocs.RestDocsTestExecutionListener, org.springframework.boot.test.autoconfigure.web.client.MockRestServiceServerResetTestExecutionListener, org.springframework.boot.test.autoconfigure.web.servlet.MockMvcPrintOnlyOnFailureTestExecutionListener, org.springframework.boot.test.autoconfigure.web.servlet.WebDriverTestExecutionListener, org.springframework.boot.test.mock.mockito.MockitoTestExecutionListener, org.springframework.boot.test.mock.mockito.ResetMocksTestExecutionListener, org.springframework.test.context.web.ServletTestExecutionListener, org.springframework.test.context.support.DirtiesContextBeforeModesTestExecutionListener, org.springframework.test.context.support.DependencyInjectionTestExecutionListener, org.springframework.test.context.support.DirtiesContextTestExecutionListener, org.springframework.test.context.transaction.TransactionalTestExecutionListener, org.springframework.test.context.jdbc.SqlScriptsTestExecutionListener, org.springframework.test.context.event.EventPublishingTestExecutionListener]
15:07:56.455 [Test worker] INFO org.springframework.boot.test.autoconfigure.web.servlet.WebMvcTestContextBootstrapper - Using TestExecutionListeners: [org.springframework.test.context.web.ServletTestExecutionListener@2dac98a4, org.springframework.test.context.support.DirtiesContextBeforeModesTestExecutionListener@7e4e24fb, org.springframework.boot.test.mock.mockito.MockitoTestExecutionListener@2bc60a9d, org.springframework.boot.test.autoconfigure.SpringBootDependencyInjectionTestExecutionListener@57f3241d, org.springframework.test.context.support.DirtiesContextTestExecutionListener@1ed3efff, org.springframework.test.context.transaction.TransactionalTestExecutionListener@11356922, org.springframework.test.context.jdbc.SqlScriptsTestExecutionListener@a3c1b7b, org.springframework.test.context.event.EventPublishingTestExecutionListener@44a115ed, org.springframework.boot.test.autoconfigure.restdocs.RestDocsTestExecutionListener@450cb691, org.springframework.boot.test.autoconfigure.web.client.MockRestServiceServerResetTestExecutionListener@7fcaab6b, org.springframework.boot.test.autoconfigure.web.servlet.MockMvcPrintOnlyOnFailureTestExecutionListener@1547802a, org.springframework.boot.test.autoconfigure.web.servlet.WebDriverTestExecutionListener@5985f112, org.springframework.boot.test.mock.mockito.ResetMocksTestExecutionListener@799d6c8d]
15:07:56.460 [Test worker] DEBUG org.springframework.test.context.support.AbstractDirtiesContextTestExecutionListener - Before test class: context [DefaultTestContext@7a89bcef testClass = CommentControllerTest, testInstance = [null], testMethod = [null], testException = [null], mergedContextConfiguration = [WebMergedContextConfiguration@74dc7634 testClass = CommentControllerTest, locations = '{}', classes = '{class com.quichi.blog.QuichiComments.QuichiCommentApplication}', contextInitializerClasses = '[]', activeProfiles = '{}', propertySourceLocations = '{}', propertySourceProperties = '{org.springframework.boot.test.autoconfigure.web.servlet.WebMvcTestContextBootstrapper=true}', contextCustomizers = set[org.springframework.boot.test.autoconfigure.OverrideAutoConfigurationContextCustomizerFactory$DisableAutoConfigurationContextCustomizer@20dc98dd, org.springframework.boot.test.autoconfigure.filter.TypeExcludeFiltersContextCustomizer@86c4f12f, org.springframework.boot.test.autoconfigure.properties.PropertyMappingContextCustomizer@e3431cc, org.springframework.boot.test.autoconfigure.web.servlet.WebDriverContextCustomizerFactory$Customizer@4f1afe94, [ImportsContextCustomizer@7f0f7fa key = [org.springframework.boot.autoconfigure.cache.CacheAutoConfiguration, org.springframework.boot.autoconfigure.context.MessageSourceAutoConfiguration, org.springframework.boot.autoconfigure.data.web.SpringDataWebAutoConfiguration, org.springframework.boot.autoconfigure.freemarker.FreeMarkerAutoConfiguration, org.springframework.boot.autoconfigure.groovy.template.GroovyTemplateAutoConfiguration, org.springframework.boot.autoconfigure.gson.GsonAutoConfiguration, org.springframework.boot.autoconfigure.hateoas.HypermediaAutoConfiguration, org.springframework.boot.autoconfigure.http.HttpMessageConvertersAutoConfiguration, org.springframework.boot.autoconfigure.jackson.JacksonAutoConfiguration, org.springframework.boot.autoconfigure.jsonb.JsonbAutoConfiguration, org.springframework.boot.autoconfigure.mustache.MustacheAutoConfiguration, org.springframework.boot.autoconfigure.task.TaskExecutionAutoConfiguration, org.springframework.boot.autoconfigure.thymeleaf.ThymeleafAutoConfiguration, org.springframework.boot.autoconfigure.validation.ValidationAutoConfiguration, org.springframework.boot.autoconfigure.web.servlet.error.ErrorMvcAutoConfiguration, org.springframework.boot.autoconfigure.web.servlet.WebMvcAutoConfiguration, org.springframework.boot.test.autoconfigure.web.servlet.MockMvcAutoConfiguration, org.springframework.boot.test.autoconfigure.web.servlet.MockMvcWebClientAutoConfiguration, org.springframework.boot.test.autoconfigure.web.servlet.MockMvcWebDriverAutoConfiguration, org.springframework.boot.autoconfigure.security.servlet.SecurityAutoConfiguration, org.springframework.boot.autoconfigure.security.servlet.UserDetailsServiceAutoConfiguration, org.springframework.boot.test.autoconfigure.web.servlet.MockMvcSecurityConfiguration]], org.springframework.boot.test.context.filter.ExcludeFilterContextCustomizer@59aecb2e, org.springframework.boot.test.json.DuplicateJsonObjectContextCustomizerFactory$DuplicateJsonObjectContextCustomizer@5657ee82, org.springframework.boot.test.mock.mockito.MockitoContextCustomizer@e6744b27], resourceBasePath = 'src/main/webapp', contextLoader = 'org.springframework.boot.test.context.SpringBootContextLoader', parent = [null]], attributes = map[[empty]]], class annotated with @DirtiesContext [false] with mode [null].
15:07:57.130 [Test worker] DEBUG org.springframework.test.context.support.TestPropertySourceUtils - Adding inlined properties to environment: {spring.jmx.enabled=false, org.springframework.boot.test.autoconfigure.web.servlet.WebMvcTestContextBootstrapper=true, server.port=-1}

  .   ____          _            __ _ _
 /\\ / ___'_ __ _ _(_)_ __  __ _ \ \ \ \
( ( )\___ | '_ | '_| | '_ \/ _` | \ \ \ \
 \\/  ___)| |_)| | | | | || (_| |  ) ) ) )
  '  |____| .__|_| |_|_| |_\__, | / / / /
 =========|_|==============|___/=/_/_/_/
 :: Spring Boot ::        (v2.2.2.RELEASE)

2019-12-26 15:07:57.583  INFO 2346 --- [    Test worker] c.q.b.Q.CommentControllerTest            : Starting CommentControllerTest on LAdsuasnavas with PID 2346 (started by dianasuasnavas in /Users/dianasuasnavas/Documents/proyectos/workspace-infoarmor/Quichi-Comments)
2019-12-26 15:07:57.593  INFO 2346 --- [    Test worker] c.q.b.Q.CommentControllerTest            : No active profile set, falling back to default profiles: default
2019-12-26 15:08:00.218  INFO 2346 --- [    Test worker] o.s.s.concurrent.ThreadPoolTaskExecutor  : Initializing ExecutorService 'applicationTaskExecutor'
2019-12-26 15:08:00.506  INFO 2346 --- [    Test worker] o.s.b.t.m.w.SpringBootMockServletContext : Initializing Spring TestDispatcherServlet ''
2019-12-26 15:08:00.507  INFO 2346 --- [    Test worker] o.s.t.web.servlet.TestDispatcherServlet  : Initializing Servlet ''
2019-12-26 15:08:00.564  INFO 2346 --- [    Test worker] o.s.t.web.servlet.TestDispatcherServlet  : Completed initialization in 55 ms
2019-12-26 15:08:00.689  INFO 2346 --- [    Test worker] c.q.b.Q.CommentControllerTest            : Started CommentControllerTest in 3.545 seconds (JVM running for 5.551)
2019-12-26 15:08:00.880  INFO 2346 --- [    Test worker] o.s.mock.web.MockServletContext          : Initializing Spring TestDispatcherServlet ''
2019-12-26 15:08:00.880  INFO 2346 --- [    Test worker] o.s.t.web.servlet.TestDispatcherServlet  : Initializing Servlet ''
2019-12-26 15:08:00.881  INFO 2346 --- [    Test worker] o.s.t.web.servlet.TestDispatcherServlet  : Completed initialization in 0 ms
2019-12-26 15:08:01.162  INFO 2346 --- [    Test worker] o.s.mock.web.MockServletContext          : Initializing Spring TestDispatcherServlet ''
2019-12-26 15:08:01.162  INFO 2346 --- [    Test worker] o.s.t.web.servlet.TestDispatcherServlet  : Initializing Servlet ''
2019-12-26 15:08:01.163  INFO 2346 --- [    Test worker] o.s.t.web.servlet.TestDispatcherServlet  : Completed initialization in 1 ms
2019-12-26 15:08:01.329  INFO 2346 --- [    Test worker] o.s.mock.web.MockServletContext          : Initializing Spring TestDispatcherServlet ''
2019-12-26 15:08:01.330  INFO 2346 --- [    Test worker] o.s.t.web.servlet.TestDispatcherServlet  : Initializing Servlet ''
2019-12-26 15:08:01.331  INFO 2346 --- [    Test worker] o.s.t.web.servlet.TestDispatcherServlet  : Completed initialization in 1 ms
]]></system-out>
  <system-err><![CDATA[]]></system-err>
</testsuite>
